{
    "meta": {
        "format": 3,
        "version": "7.13.5",
        "timestamp": "2026-05-06T05:22:44.879977",
        "branch_coverage": true,
        "show_contexts": false
    },
    "files": {
        "packages\\npmctl\\src\\npmctl\\__init__.py": {
            "executed_lines": [
                3
            ],
            "summary": {
                "covered_lines": 1,
                "num_statements": 1,
                "percent_covered": 100.0,
                "percent_covered_display": "100",
                "missing_lines": 0,
                "excluded_lines": 0,
                "percent_statements_covered": 100.0,
                "percent_statements_covered_display": "100",
                "num_branches": 0,
                "num_partial_branches": 0,
                "covered_branches": 0,
                "missing_branches": 0,
                "percent_branches_covered": 100.0,
                "percent_branches_covered_display": "100"
            },
            "missing_lines": [],
            "excluded_lines": [],
            "executed_branches": [],
            "missing_branches": [],
            "functions": {
                "": {
                    "executed_lines": [
                        3
                    ],
                    "summary": {
                        "covered_lines": 1,
                        "num_statements": 1,
                        "percent_covered": 100.0,
                        "percent_covered_display": "100",
                        "missing_lines": 0,
                        "excluded_lines": 0,
                        "percent_statements_covered": 100.0,
                        "percent_statements_covered_display": "100",
                        "num_branches": 0,
                        "num_partial_branches": 0,
                        "covered_branches": 0,
                        "missing_branches": 0,
                        "percent_branches_covered": 100.0,
                        "percent_branches_covered_display": "100"
                    },
                    "missing_lines": [],
                    "excluded_lines": [],
                    "start_line": 1,
                    "executed_branches": [],
                    "missing_branches": []
                }
            },
            "classes": {
                "": {
                    "executed_lines": [
                        3
                    ],
                    "summary": {
                        "covered_lines": 1,
                        "num_statements": 1,
                        "percent_covered": 100.0,
                        "percent_covered_display": "100",
                        "missing_lines": 0,
                        "excluded_lines": 0,
                        "percent_statements_covered": 100.0,
                        "percent_statements_covered_display": "100",
                        "num_branches": 0,
                        "num_partial_branches": 0,
                        "covered_branches": 0,
                        "missing_branches": 0,
                        "percent_branches_covered": 100.0,
                        "percent_branches_covered_display": "100"
                    },
                    "missing_lines": [],
                    "excluded_lines": [],
                    "start_line": 1,
                    "executed_branches": [],
                    "missing_branches": []
                }
            }
        },
        "packages\\npmctl\\src\\npmctl\\__main__.py": {
            "executed_lines": [],
            "summary": {
                "covered_lines": 0,
                "num_statements": 2,
                "percent_covered": 0.0,
                "percent_covered_display": "0",
                "missing_lines": 2,
                "excluded_lines": 0,
                "percent_statements_covered": 0.0,
                "percent_statements_covered_display": "0",
                "num_branches": 0,
                "num_partial_branches": 0,
                "covered_branches": 0,
                "missing_branches": 0,
                "percent_branches_covered": 100.0,
                "percent_branches_covered_display": "100"
            },
            "missing_lines": [
                3,
                5
            ],
            "excluded_lines": [],
            "executed_branches": [],
            "missing_branches": [],
            "functions": {
                "": {
                    "executed_lines": [],
                    "summary": {
                        "covered_lines": 0,
                        "num_statements": 2,
                        "percent_covered": 0.0,
                        "percent_covered_display": "0",
                        "missing_lines": 2,
                        "excluded_lines": 0,
                        "percent_statements_covered": 0.0,
                        "percent_statements_covered_display": "0",
                        "num_branches": 0,
                        "num_partial_branches": 0,
                        "covered_branches": 0,
                        "missing_branches": 0,
                        "percent_branches_covered": 100.0,
                        "percent_branches_covered_display": "100"
                    },
                    "missing_lines": [
                        3,
                        5
                    ],
                    "excluded_lines": [],
                    "start_line": 1,
                    "executed_branches": [],
                    "missing_branches": []
                }
            },
            "classes": {
                "": {
                    "executed_lines": [],
                    "summary": {
                        "covered_lines": 0,
                        "num_statements": 2,
                        "percent_covered": 0.0,
                        "percent_covered_display": "0",
                        "missing_lines": 2,
                        "excluded_lines": 0,
                        "percent_statements_covered": 0.0,
                        "percent_statements_covered_display": "0",
                        "num_branches": 0,
                        "num_partial_branches": 0,
                        "covered_branches": 0,
                        "missing_branches": 0,
                        "percent_branches_covered": 100.0,
                        "percent_branches_covered_display": "100"
                    },
                    "missing_lines": [
                        3,
                        5
                    ],
                    "excluded_lines": [],
                    "start_line": 1,
                    "executed_branches": [],
                    "missing_branches": []
                }
            }
        },
        "packages\\npmctl\\src\\npmctl\\adoption.py": {
            "executed_lines": [],
            "summary": {
                "covered_lines": 0,
                "num_statements": 2,
                "percent_covered": 0.0,
                "percent_covered_display": "0",
                "missing_lines": 2,
                "excluded_lines": 0,
                "percent_statements_covered": 0.0,
                "percent_statements_covered_display": "0",
                "num_branches": 0,
                "num_partial_branches": 0,
                "covered_branches": 0,
                "missing_branches": 0,
                "percent_branches_covered": 100.0,
                "percent_branches_covered_display": "100"
            },
            "missing_lines": [
                3,
                5
            ],
            "excluded_lines": [],
            "executed_branches": [],
            "missing_branches": [],
            "functions": {
                "": {
                    "executed_lines": [],
                    "summary": {
                        "covered_lines": 0,
                        "num_statements": 2,
                        "percent_covered": 0.0,
                        "percent_covered_display": "0",
                        "missing_lines": 2,
                        "excluded_lines": 0,
                        "percent_statements_covered": 0.0,
                        "percent_statements_covered_display": "0",
                        "num_branches": 0,
                        "num_partial_branches": 0,
                        "covered_branches": 0,
                        "missing_branches": 0,
                        "percent_branches_covered": 100.0,
                        "percent_branches_covered_display": "100"
                    },
                    "missing_lines": [
                        3,
                        5
                    ],
                    "excluded_lines": [],
                    "start_line": 1,
                    "executed_branches": [],
                    "missing_branches": []
                }
            },
            "classes": {
                "": {
                    "executed_lines": [],
                    "summary": {
                        "covered_lines": 0,
                        "num_statements": 2,
                        "percent_covered": 0.0,
                        "percent_covered_display": "0",
                        "missing_lines": 2,
                        "excluded_lines": 0,
                        "percent_statements_covered": 0.0,
                        "percent_statements_covered_display": "0",
                        "num_branches": 0,
                        "num_partial_branches": 0,
                        "covered_branches": 0,
                        "missing_branches": 0,
                        "percent_branches_covered": 100.0,
                        "percent_branches_covered_display": "100"
                    },
                    "missing_lines": [
                        3,
                        5
                    ],
                    "excluded_lines": [],
                    "start_line": 1,
                    "executed_branches": [],
                    "missing_branches": []
                }
            }
        },
        "packages\\npmctl\\src\\npmctl\\apply.py": {
            "executed_lines": [
                3,
                5,
                6,
                8,
                9,
                10,
                11,
                20,
                21,
                24,
                25,
                28,
                29,
                31,
                32,
                35,
                38,
                39,
                40,
                41,
                43,
                46,
                47,
                48,
                49,
                50,
                51,
                52,
                53,
                55,
                56,
                57,
                59,
                60,
                61,
                62,
                63,
                64,
                65,
                66,
                67,
                70,
                71,
                72,
                73,
                74,
                75,
                82,
                83,
                84,
                85,
                86,
                87,
                88,
                95,
                96,
                97,
                98,
                99,
                100,
                101,
                102,
                109,
                110,
                111,
                112,
                113,
                114,
                115,
                117,
                122,
                123,
                124,
                126,
                129,
                130,
                131,
                132,
                133,
                135,
                136,
                138,
                139,
                140,
                142,
                143,
                146,
                147,
                150,
                151,
                161,
                171,
                176,
                179,
                181,
                184,
                185,
                187,
                190,
                191,
                219,
                220,
                221,
                235,
                236,
                237,
                238
            ],
            "summary": {
                "covered_lines": 107,
                "num_statements": 113,
                "percent_covered": 91.3907284768212,
                "percent_covered_display": "91",
                "missing_lines": 6,
                "excluded_lines": 0,
                "percent_statements_covered": 94.69026548672566,
                "percent_statements_covered_display": "95",
                "num_branches": 38,
                "num_partial_branches": 7,
                "covered_branches": 31,
                "missing_branches": 7,
                "percent_branches_covered": 81.57894736842105,
                "percent_branches_covered_display": "82"
            },
            "missing_lines": [
                54,
                68,
                137,
                141,
                180,
                186
            ],
            "excluded_lines": [],
            "executed_branches": [
                [
                    46,
                    47
                ],
                [
                    46,
                    48
                ],
                [
                    48,
                    49
                ],
                [
                    48,
                    51
                ],
                [
                    49,
                    48
                ],
                [
                    49,
                    50
                ],
                [
                    52,
                    53
                ],
                [
                    52,
                    57
                ],
                [
                    53,
                    55
                ],
                [
                    60,
                    61
                ],
                [
                    60,
                    62
                ],
                [
                    62,
                    63
                ],
                [
                    62,
                    64
                ],
                [
                    64,
                    65
                ],
                [
                    64,
                    66
                ],
                [
                    66,
                    67
                ],
                [
                    112,
                    113
                ],
                [
                    112,
                    114
                ],
                [
                    129,
                    130
                ],
                [
                    129,
                    133
                ],
                [
                    136,
                    138
                ],
                [
                    139,
                    140
                ],
                [
                    139,
                    143
                ],
                [
                    140,
                    142
                ],
                [
                    179,
                    181
                ],
                [
                    185,
                    187
                ],
                [
                    220,
                    221
                ],
                [
                    235,
                    236
                ],
                [
                    235,
                    238
                ],
                [
                    236,
                    235
                ],
                [
                    236,
                    237
                ]
            ],
            "missing_branches": [
                [
                    53,
                    54
                ],
                [
                    66,
                    68
                ],
                [
                    136,
                    137
                ],
                [
                    140,
                    141
                ],
                [
                    179,
                    180
                ],
                [
                    185,
                    186
                ],
                [
                    220,
                    238
                ]
            ],
            "functions": {
                "ApplyResult.to_dict": {
                    "executed_lines": [
                        32
                    ],
                    "summary": {
                        "covered_lines": 1,
                        "num_statements": 1,
                        "percent_covered": 100.0,
                        "percent_covered_display": "100",
                        "missing_lines": 0,
                        "excluded_lines": 0,
                        "percent_statements_covered": 100.0,
                        "percent_statements_covered_display": "100",
                        "num_branches": 0,
                        "num_partial_branches": 0,
                        "covered_branches": 0,
                        "missing_branches": 0,
                        "percent_branches_covered": 100.0,
                        "percent_branches_covered_display": "100"
                    },
                    "missing_lines": [],
                    "excluded_lines": [],
                    "start_line": 31,
                    "executed_branches": [],
                    "missing_branches": []
                },
                "ApplyEngine.__init__": {
                    "executed_lines": [
                        39,
                        40,
                        41
                    ],
                    "summary": {
                        "covered_lines": 3,
                        "num_statements": 3,
                        "percent_covered": 100.0,
                        "percent_covered_display": "100",
                        "missing_lines": 0,
                        "excluded_lines": 0,
                        "percent_statements_covered": 100.0,
                        "percent_statements_covered_display": "100",
                        "num_branches": 0,
                        "num_partial_branches": 0,
                        "covered_branches": 0,
                        "missing_branches": 0,
                        "percent_branches_covered": 100.0,
                        "percent_branches_covered_display": "100"
                    },
                    "missing_lines": [],
                    "excluded_lines": [],
                    "start_line": 38,
                    "executed_branches": [],
                    "missing_branches": []
                },
                "ApplyEngine.apply": {
                    "executed_lines": [
                        46,
                        47,
                        48,
                        49,
                        50,
                        51,
                        52,
                        53,
                        55,
                        56,
                        57
                    ],
                    "summary": {
                        "covered_lines": 11,
                        "num_statements": 12,
                        "percent_covered": 90.9090909090909,
                        "percent_covered_display": "91",
                        "missing_lines": 1,
                        "excluded_lines": 0,
                        "percent_statements_covered": 91.66666666666667,
                        "percent_statements_covered_display": "92",
                        "num_branches": 10,
                        "num_partial_branches": 1,
                        "covered_branches": 9,
                        "missing_branches": 1,
                        "percent_branches_covered": 90.0,
                        "percent_branches_covered_display": "90"
                    },
                    "missing_lines": [
                        54
                    ],
                    "excluded_lines": [],
                    "start_line": 43,
                    "executed_branches": [
                        [
                            46,
                            47
                        ],
                        [
                            46,
                            48
                        ],
                        [
                            48,
                            49
                        ],
                        [
                            48,
                            51
                        ],
                        [
                            49,
                            48
                        ],
                        [
                            49,
                            50
                        ],
                        [
                            52,
                            53
                        ],
                        [
                            52,
                            57
                        ],
                        [
                            53,
                            55
                        ]
                    ],
                    "missing_branches": [
                        [
                            53,
                            54
                        ]
                    ]
                },
                "ApplyEngine._apply_operation": {
                    "executed_lines": [
                        60,
                        61,
                        62,
                        63,
                        64,
                        65,
                        66,
                        67
                    ],
                    "summary": {
                        "covered_lines": 8,
                        "num_statements": 9,
                        "percent_covered": 88.23529411764706,
                        "percent_covered_display": "88",
                        "missing_lines": 1,
                        "excluded_lines": 0,
                        "percent_statements_covered": 88.88888888888889,
                        "percent_statements_covered_display": "89",
                        "num_branches": 8,
                        "num_partial_branches": 1,
                        "covered_branches": 7,
                        "missing_branches": 1,
                        "percent_branches_covered": 87.5,
                        "percent_branches_covered_display": "88"
                    },
                    "missing_lines": [
                        68
                    ],
                    "excluded_lines": [],
                    "start_line": 59,
                    "executed_branches": [
                        [
                            60,
                            61
                        ],
                        [
                            60,
                            62
                        ],
                        [
                            62,
                            63
                        ],
                        [
                            62,
                            64
                        ],
                        [
                            64,
                            65
                        ],
                        [
                            64,
                            66
                        ],
                        [
                            66,
                            67
                        ]
                    ],
                    "missing_branches": [
                        [
                            66,
                            68
                        ]
                    ]
                },
                "ApplyEngine._create": {
                    "executed_lines": [
                        71,
                        72,
                        73,
                        74,
                        75
                    ],
                    "summary": {
                        "covered_lines": 5,
                        "num_statements": 5,
                        "percent_covered": 100.0,
                        "percent_covered_display": "100",
                        "missing_lines": 0,
                        "excluded_lines": 0,
                        "percent_statements_covered": 100.0,
                        "percent_statements_covered_display": "100",
                        "num_branches": 0,
                        "num_partial_branches": 0,
                        "covered_branches": 0,
                        "missing_branches": 0,
                        "percent_branches_covered": 100.0,
                        "percent_branches_covered_display": "100"
                    },
                    "missing_lines": [],
                    "excluded_lines": [],
                    "start_line": 70,
                    "executed_branches": [],
                    "missing_branches": []
                },
                "ApplyEngine._update": {
                    "executed_lines": [
                        83,
                        84,
                        85,
                        86,
                        87,
                        88
                    ],
                    "summary": {
                        "covered_lines": 6,
                        "num_statements": 6,
                        "percent_covered": 100.0,
                        "percent_covered_display": "100",
                        "missing_lines": 0,
                        "excluded_lines": 0,
                        "percent_statements_covered": 100.0,
                        "percent_statements_covered_display": "100",
                        "num_branches": 0,
                        "num_partial_branches": 0,
                        "covered_branches": 0,
                        "missing_branches": 0,
                        "percent_branches_covered": 100.0,
                        "percent_branches_covered_display": "100"
                    },
                    "missing_lines": [],
                    "excluded_lines": [],
                    "start_line": 82,
                    "executed_branches": [],
                    "missing_branches": []
                },
                "ApplyEngine._adopt": {
                    "executed_lines": [
                        96,
                        97,
                        98,
                        99,
                        100,
                        101,
                        102
                    ],
                    "summary": {
                        "covered_lines": 7,
                        "num_statements": 7,
                        "percent_covered": 100.0,
                        "percent_covered_display": "100",
                        "missing_lines": 0,
                        "excluded_lines": 0,
                        "percent_statements_covered": 100.0,
                        "percent_statements_covered_display": "100",
                        "num_branches": 0,
                        "num_partial_branches": 0,
                        "covered_branches": 0,
                        "missing_branches": 0,
                        "percent_branches_covered": 100.0,
                        "percent_branches_covered_display": "100"
                    },
                    "missing_lines": [],
                    "excluded_lines": [],
                    "start_line": 95,
                    "executed_branches": [],
                    "missing_branches": []
                },
                "ApplyEngine._delete": {
                    "executed_lines": [
                        110,
                        111,
                        112,
                        113,
                        114,
                        115
                    ],
                    "summary": {
                        "covered_lines": 6,
                        "num_statements": 6,
                        "percent_covered": 100.0,
                        "percent_covered_display": "100",
                        "missing_lines": 0,
                        "excluded_lines": 0,
                        "percent_statements_covered": 100.0,
                        "percent_statements_covered_display": "100",
                        "num_branches": 2,
                        "num_partial_branches": 0,
                        "covered_branches": 2,
                        "missing_branches": 0,
                        "percent_branches_covered": 100.0,
                        "percent_branches_covered_display": "100"
                    },
                    "missing_lines": [],
                    "excluded_lines": [],
                    "start_line": 109,
                    "executed_branches": [
                        [
                            112,
                            113
                        ],
                        [
                            112,
                            114
                        ]
                    ],
                    "missing_branches": []
                },
                "ApplyEngine._merge_existing_with_desired": {
                    "executed_lines": [
                        122,
                        123,
                        124
                    ],
                    "summary": {
                        "covered_lines": 3,
                        "num_statements": 3,
                        "percent_covered": 100.0,
                        "percent_covered_display": "100",
                        "missing_lines": 0,
                        "excluded_lines": 0,
                        "percent_statements_covered": 100.0,
                        "percent_statements_covered_display": "100",
                        "num_branches": 0,
                        "num_partial_branches": 0,
                        "covered_branches": 0,
                        "missing_branches": 0,
                        "percent_branches_covered": 100.0,
                        "percent_branches_covered_display": "100"
                    },
                    "missing_lines": [],
                    "excluded_lines": [],
                    "start_line": 117,
                    "executed_branches": [],
                    "missing_branches": []
                },
                "ApplyEngine._payload_for": {
                    "executed_lines": [
                        129,
                        130,
                        131,
                        132,
                        133
                    ],
                    "summary": {
                        "covered_lines": 5,
                        "num_statements": 5,
                        "percent_covered": 100.0,
                        "percent_covered_display": "100",
                        "missing_lines": 0,
                        "excluded_lines": 0,
                        "percent_statements_covered": 100.0,
                        "percent_statements_covered_display": "100",
                        "num_branches": 2,
                        "num_partial_branches": 0,
                        "covered_branches": 2,
                        "missing_branches": 0,
                        "percent_branches_covered": 100.0,
                        "percent_branches_covered_display": "100"
                    },
                    "missing_lines": [],
                    "excluded_lines": [],
                    "start_line": 126,
                    "executed_branches": [
                        [
                            129,
                            130
                        ],
                        [
                            129,
                            133
                        ]
                    ],
                    "missing_branches": []
                },
                "ApplyEngine._resolve_reference": {
                    "executed_lines": [
                        136,
                        138,
                        139,
                        140,
                        142,
                        143
                    ],
                    "summary": {
                        "covered_lines": 6,
                        "num_statements": 8,
                        "percent_covered": 71.42857142857143,
                        "percent_covered_display": "71",
                        "missing_lines": 2,
                        "excluded_lines": 0,
                        "percent_statements_covered": 75.0,
                        "percent_statements_covered_display": "75",
                        "num_branches": 6,
                        "num_partial_branches": 2,
                        "covered_branches": 4,
                        "missing_branches": 2,
                        "percent_branches_covered": 66.66666666666667,
                        "percent_branches_covered_display": "67"
                    },
                    "missing_lines": [
                        137,
                        141
                    ],
                    "excluded_lines": [],
                    "start_line": 135,
                    "executed_branches": [
                        [
                            136,
                            138
                        ],
                        [
                            139,
                            140
                        ],
                        [
                            139,
                            143
                        ],
                        [
                            140,
                            142
                        ]
                    ],
                    "missing_branches": [
                        [
                            136,
                            137
                        ],
                        [
                            140,
                            141
                        ]
                    ]
                },
                "_ordered_operations": {
                    "executed_lines": [
                        147,
                        150,
                        151,
                        161,
                        171
                    ],
                    "summary": {
                        "covered_lines": 5,
                        "num_statements": 5,
                        "percent_covered": 100.0,
                        "percent_covered_display": "100",
                        "missing_lines": 0,
                        "excluded_lines": 0,
                        "percent_statements_covered": 100.0,
                        "percent_statements_covered_display": "100",
                        "num_branches": 0,
                        "num_partial_branches": 0,
                        "covered_branches": 0,
                        "missing_branches": 0,
                        "percent_branches_covered": 100.0,
                        "percent_branches_covered_display": "100"
                    },
                    "missing_lines": [],
                    "excluded_lines": [],
                    "start_line": 146,
                    "executed_branches": [],
                    "missing_branches": []
                },
                "_require_desired": {
                    "executed_lines": [
                        179,
                        181
                    ],
                    "summary": {
                        "covered_lines": 2,
                        "num_statements": 3,
                        "percent_covered": 60.0,
                        "percent_covered_display": "60",
                        "missing_lines": 1,
                        "excluded_lines": 0,
                        "percent_statements_covered": 66.66666666666667,
                        "percent_statements_covered_display": "67",
                        "num_branches": 2,
                        "num_partial_branches": 1,
                        "covered_branches": 1,
                        "missing_branches": 1,
                        "percent_branches_covered": 50.0,
                        "percent_branches_covered_display": "50"
                    },
                    "missing_lines": [
                        180
                    ],
                    "excluded_lines": [],
                    "start_line": 176,
                    "executed_branches": [
                        [
                            179,
                            181
                        ]
                    ],
                    "missing_branches": [
                        [
                            179,
                            180
                        ]
                    ]
                },
                "_require_existing": {
                    "executed_lines": [
                        185,
                        187
                    ],
                    "summary": {
                        "covered_lines": 2,
                        "num_statements": 3,
                        "percent_covered": 60.0,
                        "percent_covered_display": "60",
                        "missing_lines": 1,
                        "excluded_lines": 0,
                        "percent_statements_covered": 66.66666666666667,
                        "percent_statements_covered_display": "67",
                        "num_branches": 2,
                        "num_partial_branches": 1,
                        "covered_branches": 1,
                        "missing_branches": 1,
                        "percent_branches_covered": 50.0,
                        "percent_branches_covered_display": "50"
                    },
                    "missing_lines": [
                        186
                    ],
                    "excluded_lines": [],
                    "start_line": 184,
                    "executed_branches": [
                        [
                            185,
                            187
                        ]
                    ],
                    "missing_branches": [
                        [
                            185,
                            186
                        ]
                    ]
                },
                "_updateable_existing_payload": {
                    "executed_lines": [
                        191,
                        219,
                        220,
                        221,
                        235,
                        236,
                        237,
                        238
                    ],
                    "summary": {
                        "covered_lines": 8,
                        "num_statements": 8,
                        "percent_covered": 92.85714285714286,
                        "percent_covered_display": "93",
                        "missing_lines": 0,
                        "excluded_lines": 0,
                        "percent_statements_covered": 100.0,
                        "percent_statements_covered_display": "100",
                        "num_branches": 6,
                        "num_partial_branches": 1,
                        "covered_branches": 5,
                        "missing_branches": 1,
                        "percent_branches_covered": 83.33333333333333,
                        "percent_branches_covered_display": "83"
                    },
                    "missing_lines": [],
                    "excluded_lines": [],
                    "start_line": 190,
                    "executed_branches": [
                        [
                            220,
                            221
                        ],
                        [
                            235,
                            236
                        ],
                        [
                            235,
                            238
                        ],
                        [
                            236,
                            235
                        ],
                        [
                            236,
                            237
                        ]
                    ],
                    "missing_branches": [
                        [
                            220,
                            238
                        ]
                    ]
                },
                "": {
                    "executed_lines": [
                        3,
                        5,
                        6,
                        8,
                        9,
                        10,
                        11,
                        20,
                        21,
                        24,
                        25,
                        28,
                        29,
                        31,
                        35,
                        38,
                        43,
                        59,
                        70,
                        82,
                        95,
                        109,
                        117,
                        126,
                        135,
                        146,
                        176,
                        184,
                        190
                    ],
                    "summary": {
                        "covered_lines": 29,
                        "num_statements": 29,
                        "percent_covered": 100.0,
                        "percent_covered_display": "100",
                        "missing_lines": 0,
                        "excluded_lines": 0,
                        "percent_statements_covered": 100.0,
                        "percent_statements_covered_display": "100",
                        "num_branches": 0,
                        "num_partial_branches": 0,
                        "covered_branches": 0,
                        "missing_branches": 0,
                        "percent_branches_covered": 100.0,
                        "percent_branches_covered_display": "100"
                    },
                    "missing_lines": [],
                    "excluded_lines": [],
                    "start_line": 1,
                    "executed_branches": [],
                    "missing_branches": []
                }
            },
            "classes": {
                "ApplyResult": {
                    "executed_lines": [
                        32
                    ],
                    "summary": {
                        "covered_lines": 1,
                        "num_statements": 1,
                        "percent_covered": 100.0,
                        "percent_covered_display": "100",
                        "missing_lines": 0,
                        "excluded_lines": 0,
                        "percent_statements_covered": 100.0,
                        "percent_statements_covered_display": "100",
                        "num_branches": 0,
                        "num_partial_branches": 0,
                        "covered_branches": 0,
                        "missing_branches": 0,
                        "percent_branches_covered": 100.0,
                        "percent_branches_covered_display": "100"
                    },
                    "missing_lines": [],
                    "excluded_lines": [],
                    "start_line": 25,
                    "executed_branches": [],
                    "missing_branches": []
                },
                "ApplyEngine": {
                    "executed_lines": [
                        39,
                        40,
                        41,
                        46,
                        47,
                        48,
                        49,
                        50,
                        51,
                        52,
                        53,
                        55,
                        56,
                        57,
                        60,
                        61,
                        62,
                        63,
                        64,
                        65,
                        66,
                        67,
                        71,
                        72,
                        73,
                        74,
                        75,
                        83,
                        84,
                        85,
                        86,
                        87,
                        88,
                        96,
                        97,
                        98,
                        99,
                        100,
                        101,
                        102,
                        110,
                        111,
                        112,
                        113,
                        114,
                        115,
                        122,
                        123,
                        124,
                        129,
                        130,
                        131,
                        132,
                        133,
                        136,
                        138,
                        139,
                        140,
                        142,
                        143
                    ],
                    "summary": {
                        "covered_lines": 60,
                        "num_statements": 64,
                        "percent_covered": 91.30434782608695,
                        "percent_covered_display": "91",
                        "missing_lines": 4,
                        "excluded_lines": 0,
                        "percent_statements_covered": 93.75,
                        "percent_statements_covered_display": "94",
                        "num_branches": 28,
                        "num_partial_branches": 4,
                        "covered_branches": 24,
                        "missing_branches": 4,
                        "percent_branches_covered": 85.71428571428571,
                        "percent_branches_covered_display": "86"
                    },
                    "missing_lines": [
                        54,
                        68,
                        137,
                        141
                    ],
                    "excluded_lines": [],
                    "start_line": 35,
                    "executed_branches": [
                        [
                            46,
                            47
                        ],
                        [
                            46,
                            48
                        ],
                        [
                            48,
                            49
                        ],
                        [
                            48,
                            51
                        ],
                        [
                            49,
                            48
                        ],
                        [
                            49,
                            50
                        ],
                        [
                            52,
                            53
                        ],
                        [
                            52,
                            57
                        ],
                        [
                            53,
                            55
                        ],
                        [
                            60,
                            61
                        ],
                        [
                            60,
                            62
                        ],
                        [
                            62,
                            63
                        ],
                        [
                            62,
                            64
                        ],
                        [
                            64,
                            65
                        ],
                        [
                            64,
                            66
                        ],
                        [
                            66,
                            67
                        ],
                        [
                            112,
                            113
                        ],
                        [
                            112,
                            114
                        ],
                        [
                            129,
                            130
                        ],
                        [
                            129,
                            133
                        ],
                        [
                            136,
                            138
                        ],
                        [
                            139,
                            140
                        ],
                        [
                            139,
                            143
                        ],
                        [
                            140,
                            142
                        ]
                    ],
                    "missing_branches": [
                        [
                            53,
                            54
                        ],
                        [
                            66,
                            68
                        ],
                        [
                            136,
                            137
                        ],
                        [
                            140,
                            141
                        ]
                    ]
                },
                "": {
                    "executed_lines": [
                        3,
                        5,
                        6,
                        8,
                        9,
                        10,
                        11,
                        20,
                        21,
                        24,
                        25,
                        28,
                        29,
                        31,
                        35,
                        38,
                        43,
                        59,
                        70,
                        82,
                        95,
                        109,
                        117,
                        126,
                        135,
                        146,
                        147,
                        150,
                        151,
                        161,
                        171,
                        176,
                        179,
                        181,
                        184,
                        185,
                        187,
                        190,
                        191,
                        219,
                        220,
                        221,
                        235,
                        236,
                        237,
                        238
                    ],
                    "summary": {
                        "covered_lines": 46,
                        "num_statements": 48,
                        "percent_covered": 91.37931034482759,
                        "percent_covered_display": "91",
                        "missing_lines": 2,
                        "excluded_lines": 0,
                        "percent_statements_covered": 95.83333333333333,
                        "percent_statements_covered_display": "96",
                        "num_branches": 10,
                        "num_partial_branches": 3,
                        "covered_branches": 7,
                        "missing_branches": 3,
                        "percent_branches_covered": 70.0,
                        "percent_branches_covered_display": "70"
                    },
                    "missing_lines": [
                        180,
                        186
                    ],
                    "excluded_lines": [],
                    "start_line": 1,
                    "executed_branches": [
                        [
                            179,
                            181
                        ],
                        [
                            185,
                            187
                        ],
                        [
                            220,
                            221
                        ],
                        [
                            235,
                            236
                        ],
                        [
                            235,
                            238
                        ],
                        [
                            236,
                            235
                        ],
                        [
                            236,
                            237
                        ]
                    ],
                    "missing_branches": [
                        [
                            179,
                            180
                        ],
                        [
                            185,
                            186
                        ],
                        [
                            220,
                            238
                        ]
                    ]
                }
            }
        },
        "packages\\npmctl\\src\\npmctl\\cli.py": {
            "executed_lines": [
                3,
                5,
                6,
                7,
                8,
                9,
                11,
                12,
                13,
                14,
                15,
                16,
                17,
                18,
                19,
                28,
                29,
                30,
                32,
                33,
                34,
                35,
                36,
                39,
                42,
                46,
                47,
                48,
                49,
                50,
                51,
                57,
                59,
                61,
                62,
                64,
                65,
                66,
                67,
                69,
                70,
                72,
                73,
                75,
                76,
                78,
                79,
                81,
                82,
                84,
                85,
                86,
                87,
                88,
                89,
                90,
                91,
                92,
                93,
                94,
                96,
                97,
                98,
                99,
                101,
                102,
                103,
                104,
                105,
                106,
                107,
                108,
                109,
                111,
                112,
                113,
                114,
                115,
                116,
                118,
                119,
                120,
                122,
                123,
                124,
                126,
                127,
                128,
                131,
                133,
                136,
                137,
                138,
                139,
                140,
                143,
                144,
                145,
                146,
                147,
                148,
                149,
                150,
                151,
                152,
                153,
                154,
                155,
                158,
                161,
                162,
                163,
                164,
                169,
                170,
                171,
                172,
                173,
                174,
                176,
                181,
                182,
                183,
                184,
                185,
                187,
                188,
                189,
                190,
                192,
                198,
                199,
                200,
                201,
                212,
                213,
                216,
                217,
                221,
                222,
                223,
                224,
                225,
                231,
                232,
                233,
                234,
                235,
                237,
                238,
                239,
                243,
                244,
                246,
                247,
                248,
                249,
                250,
                252,
                253,
                254,
                255,
                256,
                260,
                268,
                269,
                270,
                271,
                272,
                273,
                274,
                275,
                276,
                279,
                280,
                281,
                282,
                285,
                286,
                287,
                288,
                289,
                290,
                291,
                292,
                293,
                294,
                295,
                296,
                297,
                303,
                304,
                311,
                312,
                313,
                314,
                315,
                321,
                322,
                323,
                324,
                325,
                328,
                329,
                330,
                333,
                334,
                349,
                350,
                363,
                364,
                365,
                366,
                367,
                368,
                371,
                372,
                375,
                377,
                379
            ],
            "summary": {
                "covered_lines": 220,
                "num_statements": 253,
                "percent_covered": 86.26198083067092,
                "percent_covered_display": "86",
                "missing_lines": 33,
                "excluded_lines": 2,
                "percent_statements_covered": 86.95652173913044,
                "percent_statements_covered_display": "87",
                "num_branches": 60,
                "num_partial_branches": 8,
                "covered_branches": 50,
                "missing_branches": 10,
                "percent_branches_covered": 83.33333333333333,
                "percent_branches_covered_display": "83"
            },
            "missing_lines": [
                156,
                157,
                159,
                160,
                165,
                166,
                177,
                178,
                179,
                193,
                194,
                195,
                196,
                202,
                203,
                209,
                210,
                240,
                241,
                277,
                278,
                283,
                284,
                299,
                300,
                305,
                306,
                307,
                308,
                309,
                310,
                376,
                378
            ],
            "excluded_lines": [
                382,
                383
            ],
            "executed_branches": [
                [
                    170,
                    171
                ],
                [
                    170,
                    176
                ],
                [
                    176,
                    181
                ],
                [
                    181,
                    182
                ],
                [
                    181,
                    187
                ],
                [
                    187,
                    188
                ],
                [
                    187,
                    192
                ],
                [
                    192,
                    198
                ],
                [
                    198,
                    199
                ],
                [
                    198,
                    212
                ],
                [
                    199,
                    200
                ],
                [
                    199,
                    201
                ],
                [
                    213,
                    216
                ],
                [
                    213,
                    221
                ],
                [
                    221,
                    222
                ],
                [
                    221,
                    237
                ],
                [
                    224,
                    225
                ],
                [
                    224,
                    233
                ],
                [
                    237,
                    238
                ],
                [
                    237,
                    243
                ],
                [
                    243,
                    244
                ],
                [
                    243,
                    246
                ],
                [
                    246,
                    247
                ],
                [
                    246,
                    252
                ],
                [
                    252,
                    253
                ],
                [
                    269,
                    270
                ],
                [
                    269,
                    273
                ],
                [
                    274,
                    275
                ],
                [
                    274,
                    279
                ],
                [
                    279,
                    280
                ],
                [
                    279,
                    282
                ],
                [
                    282,
                    285
                ],
                [
                    285,
                    286
                ],
                [
                    285,
                    287
                ],
                [
                    289,
                    290
                ],
                [
                    289,
                    291
                ],
                [
                    291,
                    292
                ],
                [
                    291,
                    293
                ],
                [
                    293,
                    294
                ],
                [
                    293,
                    295
                ],
                [
                    304,
                    311
                ],
                [
                    314,
                    315
                ],
                [
                    314,
                    324
                ],
                [
                    329,
                    -328
                ],
                [
                    329,
                    330
                ],
                [
                    365,
                    366
                ],
                [
                    365,
                    368
                ],
                [
                    366,
                    367
                ],
                [
                    375,
                    377
                ],
                [
                    377,
                    379
                ]
            ],
            "missing_branches": [
                [
                    176,
                    177
                ],
                [
                    192,
                    193
                ],
                [
                    252,
                    299
                ],
                [
                    282,
                    283
                ],
                [
                    304,
                    305
                ],
                [
                    307,
                    308
                ],
                [
                    307,
                    309
                ],
                [
                    366,
                    365
                ],
                [
                    375,
                    376
                ],
                [
                    377,
                    378
                ]
            ],
            "functions": {
                "build_parser": {
                    "executed_lines": [
                        42,
                        46,
                        47,
                        48,
                        49,
                        50,
                        51,
                        57,
                        59,
                        61,
                        62,
                        64,
                        65,
                        66,
                        67,
                        69,
                        70,
                        72,
                        73,
                        75,
                        76,
                        78,
                        79,
                        81,
                        82,
                        84,
                        85,
                        86,
                        87,
                        88,
                        89,
                        90,
                        91,
                        92,
                        93,
                        94,
                        96,
                        97,
                        98,
                        99,
                        101,
                        102,
                        103,
                        104,
                        105,
                        106,
                        107,
                        108,
                        109,
                        111,
                        112,
                        113,
                        114,
                        115,
                        116,
                        118,
                        119,
                        120,
                        122,
                        123,
                        124,
                        126,
                        127,
                        128,
                        131,
                        133
                    ],
                    "summary": {
                        "covered_lines": 66,
                        "num_statements": 66,
                        "percent_covered": 100.0,
                        "percent_covered_display": "100",
                        "missing_lines": 0,
                        "excluded_lines": 0,
                        "percent_statements_covered": 100.0,
                        "percent_statements_covered_display": "100",
                        "num_branches": 0,
                        "num_partial_branches": 0,
                        "covered_branches": 0,
                        "missing_branches": 0,
                        "percent_branches_covered": 100.0,
                        "percent_branches_covered_display": "100"
                    },
                    "missing_lines": [],
                    "excluded_lines": [],
                    "start_line": 39,
                    "executed_branches": [],
                    "missing_branches": []
                },
                "_add_reconcile_args": {
                    "executed_lines": [
                        137,
                        138,
                        139,
                        140
                    ],
                    "summary": {
                        "covered_lines": 4,
                        "num_statements": 4,
                        "percent_covered": 100.0,
                        "percent_covered_display": "100",
                        "missing_lines": 0,
                        "excluded_lines": 0,
                        "percent_statements_covered": 100.0,
                        "percent_statements_covered_display": "100",
                        "num_branches": 0,
                        "num_partial_branches": 0,
                        "covered_branches": 0,
                        "missing_branches": 0,
                        "percent_branches_covered": 100.0,
                        "percent_branches_covered_display": "100"
                    },
                    "missing_lines": [],
                    "excluded_lines": [],
                    "start_line": 136,
                    "executed_branches": [],
                    "missing_branches": []
                },
                "main": {
                    "executed_lines": [
                        144,
                        145,
                        146,
                        147,
                        148,
                        149,
                        150,
                        151,
                        152,
                        153,
                        154,
                        155,
                        158,
                        161,
                        162,
                        163,
                        164
                    ],
                    "summary": {
                        "covered_lines": 17,
                        "num_statements": 23,
                        "percent_covered": 73.91304347826087,
                        "percent_covered_display": "74",
                        "missing_lines": 6,
                        "excluded_lines": 0,
                        "percent_statements_covered": 73.91304347826087,
                        "percent_statements_covered_display": "74",
                        "num_branches": 0,
                        "num_partial_branches": 0,
                        "covered_branches": 0,
                        "missing_branches": 0,
                        "percent_branches_covered": 100.0,
                        "percent_branches_covered_display": "100"
                    },
                    "missing_lines": [
                        156,
                        157,
                        159,
                        160,
                        165,
                        166
                    ],
                    "excluded_lines": [],
                    "start_line": 143,
                    "executed_branches": [],
                    "missing_branches": []
                },
                "_dispatch": {
                    "executed_lines": [
                        170,
                        171,
                        172,
                        173,
                        174,
                        176,
                        181,
                        182,
                        183,
                        184,
                        185,
                        187,
                        188,
                        189,
                        190,
                        192,
                        198,
                        199,
                        200,
                        201,
                        212,
                        213,
                        216,
                        217,
                        221,
                        222,
                        223,
                        224,
                        225,
                        231,
                        232,
                        233,
                        234,
                        235,
                        237,
                        238,
                        239,
                        243,
                        244,
                        246,
                        247,
                        248,
                        249,
                        250,
                        252,
                        253,
                        254,
                        255,
                        256,
                        260,
                        268,
                        269,
                        270,
                        271,
                        272,
                        273,
                        274,
                        275,
                        276,
                        279,
                        280,
                        281,
                        282,
                        285,
                        286,
                        287,
                        288,
                        289,
                        290,
                        291,
                        292,
                        293,
                        294,
                        295,
                        296,
                        297
                    ],
                    "summary": {
                        "covered_lines": 76,
                        "num_statements": 95,
                        "percent_covered": 83.45323741007195,
                        "percent_covered_display": "83",
                        "missing_lines": 19,
                        "excluded_lines": 0,
                        "percent_statements_covered": 80.0,
                        "percent_statements_covered_display": "80",
                        "num_branches": 44,
                        "num_partial_branches": 4,
                        "covered_branches": 40,
                        "missing_branches": 4,
                        "percent_branches_covered": 90.9090909090909,
                        "percent_branches_covered_display": "91"
                    },
                    "missing_lines": [
                        177,
                        178,
                        179,
                        193,
                        194,
                        195,
                        196,
                        202,
                        203,
                        209,
                        210,
                        240,
                        241,
                        277,
                        278,
                        283,
                        284,
                        299,
                        300
                    ],
                    "excluded_lines": [],
                    "start_line": 169,
                    "executed_branches": [
                        [
                            170,
                            171
                        ],
                        [
                            170,
                            176
                        ],
                        [
                            176,
                            181
                        ],
                        [
                            181,
                            182
                        ],
                        [
                            181,
                            187
                        ],
                        [
                            187,
                            188
                        ],
                        [
                            187,
                            192
                        ],
                        [
                            192,
                            198
                        ],
                        [
                            198,
                            199
                        ],
                        [
                            198,
                            212
                        ],
                        [
                            199,
                            200
                        ],
                        [
                            199,
                            201
                        ],
                        [
                            213,
                            216
                        ],
                        [
                            213,
                            221
                        ],
                        [
                            221,
                            222
                        ],
                        [
                            221,
                            237
                        ],
                        [
                            224,
                            225
                        ],
                        [
                            224,
                            233
                        ],
                        [
                            237,
                            238
                        ],
                        [
                            237,
                            243
                        ],
                        [
                            243,
                            244
                        ],
                        [
                            243,
                            246
                        ],
                        [
                            246,
                            247
                        ],
                        [
                            246,
                            252
                        ],
                        [
                            252,
                            253
                        ],
                        [
                            269,
                            270
                        ],
                        [
                            269,
                            273
                        ],
                        [
                            274,
                            275
                        ],
                        [
                            274,
                            279
                        ],
                        [
                            279,
                            280
                        ],
                        [
                            279,
                            282
                        ],
                        [
                            282,
                            285
                        ],
                        [
                            285,
                            286
                        ],
                        [
                            285,
                            287
                        ],
                        [
                            289,
                            290
                        ],
                        [
                            289,
                            291
                        ],
                        [
                            291,
                            292
                        ],
                        [
                            291,
                            293
                        ],
                        [
                            293,
                            294
                        ],
                        [
                            293,
                            295
                        ]
                    ],
                    "missing_branches": [
                        [
[...]
                    },
                    "missing_lines": [],
                    "excluded_lines": [],
                    "start_line": 140,
                    "executed_branches": [
                        [
                            143,
                            144
                        ],
                        [
                            143,
                            146
                        ],
                        [
                            144,
                            143
                        ],
                        [
                            144,
                            145
                        ]
                    ],
                    "missing_branches": []
                },
                "_methods": {
                    "executed_lines": [
                        158,
                        160
                    ],
                    "summary": {
                        "covered_lines": 2,
                        "num_statements": 3,
                        "percent_covered": 60.0,
                        "percent_covered_display": "60",
                        "missing_lines": 1,
                        "excluded_lines": 0,
                        "percent_statements_covered": 66.66666666666667,
                        "percent_statements_covered_display": "67",
                        "num_branches": 2,
                        "num_partial_branches": 1,
                        "covered_branches": 1,
                        "missing_branches": 1,
                        "percent_branches_covered": 50.0,
                        "percent_branches_covered_display": "50"
                    },
                    "missing_lines": [
                        159
                    ],
                    "excluded_lines": [],
                    "start_line": 157,
                    "executed_branches": [
                        [
                            158,
                            160
                        ]
                    ],
                    "missing_branches": [
                        [
                            158,
                            159
                        ]
                    ]
                },
                "load_openapi_schema": {
                    "executed_lines": [
                        166,
                        167,
                        168,
                        170
                    ],
                    "summary": {
                        "covered_lines": 4,
                        "num_statements": 5,
                        "percent_covered": 71.42857142857143,
                        "percent_covered_display": "71",
                        "missing_lines": 1,
                        "excluded_lines": 0,
                        "percent_statements_covered": 80.0,
                        "percent_statements_covered_display": "80",
                        "num_branches": 2,
                        "num_partial_branches": 1,
                        "covered_branches": 1,
                        "missing_branches": 1,
                        "percent_branches_covered": 50.0,
                        "percent_branches_covered_display": "50"
                    },
                    "missing_lines": [
                        169
                    ],
                    "excluded_lines": [],
                    "start_line": 163,
                    "executed_branches": [
                        [
                            168,
                            170
                        ]
                    ],
                    "missing_branches": [
                        [
                            168,
                            169
                        ]
                    ]
                },
                "": {
                    "executed_lines": [
                        3,
                        5,
                        6,
                        7,
                        8,
                        10,
                        11,
                        14,
                        15,
                        18,
                        19,
                        20,
                        21,
                        22,
                        23,
                        25,
                        28,
                        39,
                        40,
                        43,
                        44,
                        45,
                        46,
                        47,
                        48,
                        49,
                        50,
                        51,
                        52,
                        54,
                        55,
                        59,
                        60,
                        76,
                        77,
                        101,
                        120,
                        125,
                        140,
                        157,
                        163
                    ],
                    "summary": {
                        "covered_lines": 41,
                        "num_statements": 41,
                        "percent_covered": 100.0,
                        "percent_covered_display": "100",
                        "missing_lines": 0,
                        "excluded_lines": 0,
                        "percent_statements_covered": 100.0,
                        "percent_statements_covered_display": "100",
                        "num_branches": 0,
                        "num_partial_branches": 0,
                        "covered_branches": 0,
                        "missing_branches": 0,
                        "percent_branches_covered": 100.0,
                        "percent_branches_covered_display": "100"
                    },
                    "missing_lines": [],
                    "excluded_lines": [],
                    "start_line": 1,
                    "executed_branches": [],
                    "missing_branches": []
                }
            },
            "classes": {
                "ResourceCapabilities": {
                    "executed_lines": [
                        29
                    ],
                    "summary": {
                        "covered_lines": 1,
                        "num_statements": 2,
                        "percent_covered": 50.0,
                        "percent_covered_display": "50",
                        "missing_lines": 1,
                        "excluded_lines": 0,
                        "percent_statements_covered": 50.0,
                        "percent_statements_covered_display": "50",
                        "num_branches": 0,
                        "num_partial_branches": 0,
                        "covered_branches": 0,
                        "missing_branches": 0,
                        "percent_branches_covered": 100.0,
                        "percent_branches_covered_display": "100"
                    },
                    "missing_lines": [
                        26
                    ],
                    "excluded_lines": [],
                    "start_line": 15,
                    "executed_branches": [],
                    "missing_branches": []
                },
                "Capabilities": {
                    "executed_lines": [
                        56,
                        57,
                        61,
                        62,
                        63,
                        78,
                        80,
                        81,
                        83,
                        84,
                        85,
                        86,
                        87,
                        88,
                        102,
                        103,
                        104,
                        105,
                        106,
                        107,
                        108,
                        109,
                        110,
                        111,
                        112,
                        113,
                        114,
                        115,
                        116,
                        117,
                        126
                    ],
                    "summary": {
                        "covered_lines": 31,
                        "num_statements": 37,
                        "percent_covered": 81.9672131147541,
                        "percent_covered_display": "82",
                        "missing_lines": 6,
                        "excluded_lines": 0,
                        "percent_statements_covered": 83.78378378378379,
                        "percent_statements_covered_display": "84",
                        "num_branches": 24,
                        "num_partial_branches": 3,
                        "covered_branches": 19,
                        "missing_branches": 5,
                        "percent_branches_covered": 79.16666666666667,
                        "percent_branches_covered_display": "79"
                    },
                    "missing_lines": [
                        79,
                        82,
                        118,
                        121,
                        122,
                        123
                    ],
                    "excluded_lines": [],
                    "start_line": 40,
                    "executed_branches": [
                        [
                            78,
                            80
                        ],
                        [
                            81,
                            83
                        ],
                        [
                            85,
                            86
                        ],
                        [
                            85,
                            88
                        ],
                        [
                            102,
                            103
                        ],
                        [
                            102,
                            104
                        ],
                        [
                            104,
                            105
                        ],
                        [
                            104,
                            106
                        ],
                        [
                            106,
                            107
                        ],
                        [
                            106,
                            108
                        ],
                        [
                            108,
                            109
                        ],
                        [
                            108,
                            110
                        ],
                        [
                            110,
                            111
                        ],
                        [
                            110,
                            112
                        ],
                        [
                            112,
                            113
                        ],
                        [
                            112,
                            114
                        ],
                        [
                            114,
                            115
                        ],
                        [
                            114,
                            116
                        ],
                        [
                            116,
                            117
                        ]
                    ],
                    "missing_branches": [
                        [
                            78,
                            79
                        ],
                        [
                            81,
                            82
                        ],
                        [
                            116,
                            118
                        ],
                        [
                            122,
                            -120
                        ],
                        [
                            122,
                            123
                        ]
                    ]
                },
                "": {
                    "executed_lines": [
                        3,
                        5,
                        6,
                        7,
                        8,
                        10,
                        11,
                        14,
                        15,
                        18,
                        19,
                        20,
                        21,
                        22,
                        23,
                        25,
                        28,
                        39,
                        40,
                        43,
                        44,
                        45,
                        46,
                        47,
                        48,
                        49,
                        50,
                        51,
                        52,
                        54,
                        55,
                        59,
                        60,
                        76,
                        77,
                        101,
                        120,
                        125,
                        140,
                        141,
                        142,
                        143,
                        144,
                        145,
                        146,
                        147,
                        157,
                        158,
                        160,
                        163,
                        166,
                        167,
                        168,
                        170
                    ],
                    "summary": {
                        "covered_lines": 54,
                        "num_statements": 56,
                        "percent_covered": 93.75,
                        "percent_covered_display": "94",
                        "missing_lines": 2,
                        "excluded_lines": 0,
                        "percent_statements_covered": 96.42857142857143,
                        "percent_statements_covered_display": "96",
                        "num_branches": 8,
                        "num_partial_branches": 2,
                        "covered_branches": 6,
                        "missing_branches": 2,
                        "percent_branches_covered": 75.0,
                        "percent_branches_covered_display": "75"
                    },
                    "missing_lines": [
                        159,
                        169
                    ],
                    "excluded_lines": [],
                    "start_line": 1,
                    "executed_branches": [
                        [
                            143,
                            144
                        ],
                        [
                            143,
                            146
                        ],
                        [
                            144,
                            143
                        ],
                        [
                            144,
                            145
                        ],
                        [
                            158,
                            160
                        ],
                        [
                            168,
                            170
                        ]
                    ],
                    "missing_branches": [
                        [
                            158,
                            159
                        ],
                        [
                            168,
                            169
                        ]
                    ]
                }
            }
        },
        "packages\\npmctl\\src\\npmctl\\validation.py": {
            "executed_lines": [
                3,
                5
            ],
            "summary": {
                "covered_lines": 2,
                "num_statements": 2,
                "percent_covered": 100.0,
                "percent_covered_display": "100",
                "missing_lines": 0,
                "excluded_lines": 0,
                "percent_statements_covered": 100.0,
                "percent_statements_covered_display": "100",
                "num_branches": 0,
                "num_partial_branches": 0,
                "covered_branches": 0,
                "missing_branches": 0,
                "percent_branches_covered": 100.0,
                "percent_branches_covered_display": "100"
            },
            "missing_lines": [],
            "excluded_lines": [],
            "executed_branches": [],
            "missing_branches": [],
            "functions": {
                "": {
                    "executed_lines": [
                        3,
                        5
                    ],
                    "summary": {
                        "covered_lines": 2,
                        "num_statements": 2,
                        "percent_covered": 100.0,
                        "percent_covered_display": "100",
                        "missing_lines": 0,
                        "excluded_lines": 0,
                        "percent_statements_covered": 100.0,
                        "percent_statements_covered_display": "100",
                        "num_branches": 0,
                        "num_partial_branches": 0,
                        "covered_branches": 0,
                        "missing_branches": 0,
                        "percent_branches_covered": 100.0,
                        "percent_branches_covered_display": "100"
                    },
                    "missing_lines": [],
                    "excluded_lines": [],
                    "start_line": 1,
                    "executed_branches": [],
                    "missing_branches": []
                }
            },
            "classes": {
                "": {
                    "executed_lines": [
                        3,
                        5
                    ],
                    "summary": {
                        "covered_lines": 2,
                        "num_statements": 2,
                        "percent_covered": 100.0,
                        "percent_covered_display": "100",
                        "missing_lines": 0,
                        "excluded_lines": 0,
                        "percent_statements_covered": 100.0,
                        "percent_statements_covered_display": "100",
                        "num_branches": 0,
                        "num_partial_branches": 0,
                        "covered_branches": 0,
                        "missing_branches": 0,
                        "percent_branches_covered": 100.0,
                        "percent_branches_covered_display": "100"
                    },
                    "missing_lines": [],
                    "excluded_lines": [],
                    "start_line": 1,
                    "executed_branches": [],
                    "missing_branches": []
                }
            }
        }
    },
    "totals": {
        "covered_lines": 1481,
        "num_statements": 1700,
        "percent_covered": 83.26105810928014,
        "percent_covered_display": "83",
        "missing_lines": 219,
        "excluded_lines": 4,
        "percent_statements_covered": 87.11764705882354,
        "percent_statements_covered_display": "87",
        "num_branches": 606,
        "num_partial_branches": 115,
        "covered_branches": 439,
        "missing_branches": 167,
        "percent_branches_covered": 72.44224422442244,
        "percent_branches_covered_display": "72"
    }
}